2024-01-11 20:56:39,818 - INFO, Module: "autoreload", Message: Watching for file changes with StatReloader
2024-01-11 20:56:44,762 - INFO, Module: "basehttp", Message: "GET /news/ HTTP/1.1" 200 4778
2024-01-11 20:56:44,790 - WARNING, Module: "basehttp", Message: "GET /static/css/styles.css HTTP/1.1" 404 1801
2024-01-11 20:56:44,828 - WARNING, Module: "basehttp", Message: "GET /news/js/scripts.js HTTP/1.1" 404 7888
2024-01-11 20:56:44,848 - WARNING, Module: "basehttp", Message: "GET /static/css/styles.css HTTP/1.1" 404 1801
2024-01-11 20:56:47,861 - INFO, Module: "basehttp", Message: "GET /accounts/login HTTP/1.1" 301 0
2024-01-11 20:56:47,915 - INFO, Module: "basehttp", Message: "GET /accounts/login/ HTTP/1.1" 200 2191
2024-01-11 20:56:50,202 - INFO, Module: "basehttp", Message: "GET /accounts/google/login/?process=login HTTP/1.1" 200 1244
2024-01-11 20:56:51,921 - INFO, Module: "basehttp", Message: "POST /accounts/google/login/?process=login HTTP/1.1" 302 0
2024-01-11 20:56:52,400 - INFO, Module: "basehttp", Message: "GET /accounts/google/login/callback/?state=8FLpaaeynGCQIgam&code=4%2F0AfJohXlFLt7xVAvR4FJjvouHPekz9qhzUY5SpfiTuE1H7cEaL2jW1dBKiHODe3fo0F_4uw&scope=email+profile+openid+https%3A%2F%2Fwww.googleapis.com%2Fauth%2Fuserinfo.email+https%3A%2F%2Fwww.googleapis.com%2Fauth%2Fuserinfo.profile&authuser=0&prompt=none HTTP/1.1" 302 0
2024-01-11 20:56:52,415 - INFO, Module: "basehttp", Message: "GET /news HTTP/1.1" 301 0
2024-01-11 20:56:52,427 - INFO, Module: "basehttp", Message: "GET /news/ HTTP/1.1" 200 4874
2024-01-11 20:56:52,467 - WARNING, Module: "basehttp", Message: "GET /static/css/styles.css HTTP/1.1" 404 1801
2024-01-11 20:56:52,472 - WARNING, Module: "basehttp", Message: "GET /news/js/scripts.js HTTP/1.1" 404 7888
2024-01-11 20:56:52,485 - WARNING, Module: "basehttp", Message: "GET /static/css/styles.css HTTP/1.1" 404 1801
2024-01-11 20:56:56,824 - INFO, Module: "basehttp", Message: "GET /news/create HTTP/1.1" 301 0
2024-01-11 20:56:56,842 - WARNING, Module: "basehttp", Message: "GET /news/create/ HTTP/1.1" 403 3394
2024-01-11 20:56:56,877 - WARNING, Module: "basehttp", Message: "GET /static/css/styles.css HTTP/1.1" 404 1801
2024-01-11 20:56:56,880 - WARNING, Module: "basehttp", Message: "GET /news/create/js/scripts.js HTTP/1.1" 404 7909
2024-01-11 20:56:58,646 - INFO, Module: "basehttp", Message: "GET /news/article/create HTTP/1.1" 301 0
2024-01-11 20:56:58,655 - WARNING, Module: "basehttp", Message: "GET /news/article/create/ HTTP/1.1" 403 3394
2024-01-11 20:56:58,687 - WARNING, Module: "basehttp", Message: "GET /static/css/styles.css HTTP/1.1" 404 1801
2024-01-11 20:56:58,692 - WARNING, Module: "basehttp", Message: "GET /news/article/create/js/scripts.js HTTP/1.1" 404 7933
2024-01-11 20:56:59,735 - INFO, Module: "basehttp", Message: "GET /news/search HTTP/1.1" 301 0
2024-01-11 20:56:59,759 - INFO, Module: "basehttp", Message: "GET /news/search/ HTTP/1.1" 200 5525
2024-01-11 20:56:59,788 - WARNING, Module: "basehttp", Message: "GET /static/css/styles.css HTTP/1.1" 404 1801
2024-01-11 20:56:59,793 - WARNING, Module: "basehttp", Message: "GET /news/search/js/scripts.js HTTP/1.1" 404 7909
2024-01-11 20:58:17,768 - INFO, Module: "autoreload", Message: D:\CODE projects\news_portal\news_portal\news_portal\settings.py changed, reloading.
2024-01-11 20:58:18,937 - INFO, Module: "autoreload", Message: Watching for file changes with StatReloader
2024-01-11 20:58:25,263 - INFO, Module: "basehttp", Message: "GET /news/ HTTP/1.1" 200 4874
2024-01-11 20:58:25,305 - WARNING, Module: "basehttp", Message: "GET /static/css/styles.css HTTP/1.1" 404 1801
2024-01-11 20:58:25,306 - WARNING, Module: "basehttp", Message: "GET /news/js/scripts.js HTTP/1.1" 404 7888
2024-01-11 20:58:25,319 - WARNING, Module: "basehttp", Message: "GET /static/css/styles.css HTTP/1.1" 404 1801
2024-01-11 20:58:26,348 - WARNING, Module: "basehttp", Message: "GET /news/article/create/ HTTP/1.1" 403 3394
2024-01-11 20:58:26,379 - WARNING, Module: "basehttp", Message: "GET /static/css/styles.css HTTP/1.1" 404 1801
2024-01-11 20:58:26,382 - WARNING, Module: "basehttp", Message: "GET /news/article/create/js/scripts.js HTTP/1.1" 404 7933
2024-01-11 20:58:27,041 - INFO, Module: "basehttp", Message: "GET /news/ HTTP/1.1" 200 4874
2024-01-11 20:58:27,073 - WARNING, Module: "basehttp", Message: "GET /static/css/styles.css HTTP/1.1" 404 1801
2024-01-11 20:58:27,078 - WARNING, Module: "basehttp", Message: "GET /news/js/scripts.js HTTP/1.1" 404 7888
2024-01-11 20:58:27,090 - WARNING, Module: "basehttp", Message: "GET /static/css/styles.css HTTP/1.1" 404 1801
2024-01-11 20:58:47,671 - INFO, Module: "autoreload", Message: D:\CODE projects\news_portal\news_portal\news_portal\settings.py changed, reloading.
2024-01-11 20:58:48,867 - INFO, Module: "autoreload", Message: Watching for file changes with StatReloader
2024-01-11 20:59:08,118 - INFO, Module: "basehttp", Message: "GET /user/6 HTTP/1.1" 200 3375
2024-01-11 20:59:08,152 - WARNING, Module: "basehttp", Message: "GET /static/css/styles.css HTTP/1.1" 404 1801
2024-01-11 20:59:08,155 - WARNING, Module: "basehttp", Message: "GET /user/js/scripts.js HTTP/1.1" 404 5134
2024-01-11 20:59:10,096 - ERROR, Module: "basehttp", Message: "GET /news/join/ HTTP/1.1" 500 167917
2024-01-11 20:59:14,288 - INFO, Module: "basehttp", Message: "GET /user/6 HTTP/1.1" 200 3375
2024-01-11 20:59:14,318 - WARNING, Module: "basehttp", Message: "GET /static/css/styles.css HTTP/1.1" 404 1801
2024-01-11 20:59:14,321 - WARNING, Module: "basehttp", Message: "GET /user/js/scripts.js HTTP/1.1" 404 5134
2024-01-11 20:59:17,281 - INFO, Module: "basehttp", Message: "GET /accounts/logout HTTP/1.1" 301 0
2024-01-11 20:59:17,325 - INFO, Module: "basehttp", Message: "GET /accounts/logout/ HTTP/1.1" 200 1424
2024-01-11 20:59:18,768 - INFO, Module: "basehttp", Message: "POST /accounts/logout/ HTTP/1.1" 302 0
2024-01-11 20:59:18,780 - INFO, Module: "basehttp", Message: "GET / HTTP/1.1" 200 4778
2024-01-11 20:59:18,814 - WARNING, Module: "basehttp", Message: "GET /static/css/styles.css HTTP/1.1" 404 1801
2024-01-11 20:59:18,817 - WARNING, Module: "basehttp", Message: "GET /js/scripts.js HTTP/1.1" 404 5119
2024-01-11 20:59:18,829 - WARNING, Module: "basehttp", Message: "GET /static/css/styles.css HTTP/1.1" 404 1801
2024-01-11 20:59:21,130 - INFO, Module: "basehttp", Message: "GET /accounts/login/ HTTP/1.1" 200 2401
2024-01-11 20:59:31,388 - INFO, Module: "basehttp", Message: "GET /admin HTTP/1.1" 301 0
2024-01-11 20:59:31,411 - INFO, Module: "basehttp", Message: "GET /admin/ HTTP/1.1" 302 0
2024-01-11 20:59:31,455 - INFO, Module: "basehttp", Message: "GET /admin/login/?next=/admin/ HTTP/1.1" 200 4181
2024-01-11 20:59:31,597 - INFO, Module: "basehttp", Message: "GET /static/admin/css/base.css HTTP/1.1" 200 21207
2024-01-11 20:59:31,611 - INFO, Module: "basehttp", Message: "GET /static/admin/css/responsive.css HTTP/1.1" 200 18533
2024-01-11 20:59:31,616 - INFO, Module: "basehttp", Message: "GET /static/admin/css/dark_mode.css HTTP/1.1" 200 2929
2024-01-11 20:59:31,627 - INFO, Module: "basehttp", Message: "GET /static/admin/css/login.css HTTP/1.1" 200 958
2024-01-11 20:59:31,628 - INFO, Module: "basehttp", Message: "GET /static/admin/css/nav_sidebar.css HTTP/1.1" 200 2694
2024-01-11 20:59:31,639 - INFO, Module: "basehttp", Message: "GET /static/admin/js/nav_sidebar.js HTTP/1.1" 200 3063
2024-01-11 20:59:31,639 - INFO, Module: "basehttp", Message: "GET /static/admin/js/theme.js HTTP/1.1" 200 1943
2024-01-11 20:59:34,771 - INFO, Module: "basehttp", Message: "POST /admin/login/?next=/admin/ HTTP/1.1" 302 0
2024-01-11 20:59:34,817 - INFO, Module: "basehttp", Message: "GET /admin/ HTTP/1.1" 200 15704
2024-01-11 20:59:34,846 - INFO, Module: "basehttp", Message: "GET /static/admin/css/dashboard.css HTTP/1.1" 200 441
2024-01-11 20:59:34,868 - INFO, Module: "basehttp", Message: "GET /static/admin/img/icon-changelink.svg HTTP/1.1" 200 380
2024-01-11 20:59:34,868 - INFO, Module: "basehttp", Message: "GET /static/admin/img/icon-addlink.svg HTTP/1.1" 200 331
2024-01-11 20:59:40,344 - INFO, Module: "basehttp", Message: "GET /admin/auth/group/ HTTP/1.1" 200 14101
2024-01-11 20:59:40,379 - INFO, Module: "basehttp", Message: "GET /admin/jsi18n/ HTTP/1.1" 200 3343
2024-01-11 20:59:40,382 - INFO, Module: "basehttp", Message: "GET /static/admin/css/changelists.css HTTP/1.1" 200 6566
2024-01-11 20:59:40,385 - INFO, Module: "basehttp", Message: "GET /static/admin/js/jquery.init.js HTTP/1.1" 200 347
2024-01-11 20:59:40,391 - INFO, Module: "basehttp", Message: "GET /static/admin/js/core.js HTTP/1.1" 200 5682
2024-01-11 20:59:40,393 - INFO, Module: "basehttp", Message: "GET /static/admin/js/admin/RelatedObjectLookups.js HTTP/1.1" 200 8943
2024-01-11 20:59:40,402 - INFO, Module: "basehttp", Message: "GET /static/admin/js/urlify.js HTTP/1.1" 200 7887
2024-01-11 20:59:40,403 - INFO, Module: "basehttp", Message: "GET /static/admin/img/search.svg HTTP/1.1" 200 458
2024-01-11 20:59:40,404 - INFO, Module: "basehttp", Message: "GET /static/admin/js/actions.js HTTP/1.1" 200 7872
2024-01-11 20:59:40,406 - INFO, Module: "basehttp", Message: "GET /static/admin/js/prepopulate.js HTTP/1.1" 200 1531
2024-01-11 20:59:40,436 - INFO, Module: "basehttp", Message: "GET /static/admin/js/vendor/jquery/jquery.js HTTP/1.1" 200 292458
2024-01-11 20:59:40,456 - INFO, Module: "basehttp", Message: "GET /static/admin/js/filters.js HTTP/1.1" 200 978
2024-01-11 20:59:40,459 - INFO, Module: "basehttp", Message: "GET /static/admin/js/vendor/xregexp/xregexp.js HTTP/1.1" 200 232381
2024-01-11 20:59:40,480 - INFO, Module: "basehttp", Message: "GET /static/admin/img/tooltag-add.svg HTTP/1.1" 200 331
2024-01-11 20:59:42,534 - INFO, Module: "basehttp", Message: "GET /admin/auth/group/2/change/ HTTP/1.1" 200 20750
2024-01-11 20:59:42,560 - INFO, Module: "basehttp", Message: "GET /admin/jsi18n/ HTTP/1.1" 200 3343
2024-01-11 20:59:42,566 - INFO, Module: "basehttp", Message: "GET /static/admin/css/forms.css HTTP/1.1" 200 9047
2024-01-11 20:59:42,570 - INFO, Module: "basehttp", Message: "GET /static/admin/js/prepopulate_init.js HTTP/1.1" 200 586
2024-01-11 20:59:42,574 - INFO, Module: "basehttp", Message: "GET /static/admin/js/SelectBox.js HTTP/1.1" 200 4530
2024-01-11 20:59:42,575 - INFO, Module: "basehttp", Message: "GET /static/admin/js/SelectFilter2.js HTTP/1.1" 200 15292
2024-01-11 20:59:42,588 - INFO, Module: "basehttp", Message: "GET /static/admin/css/widgets.css HTTP/1.1" 200 11900
2024-01-11 20:59:42,593 - INFO, Module: "basehttp", Message: "GET /static/admin/js/change_form.js HTTP/1.1" 200 606
2024-01-11 20:59:42,647 - INFO, Module: "basehttp", Message: "GET /static/admin/img/icon-unknown-alt.svg HTTP/1.1" 200 655
2024-01-11 20:59:42,647 - INFO, Module: "basehttp", Message: "GET /static/admin/img/selector-icons.svg HTTP/1.1" 200 3291
2024-01-11 20:59:42,647 - INFO, Module: "basehttp", Message: "GET /static/admin/img/icon-unknown.svg HTTP/1.1" 200 655
2024-01-11 20:59:46,844 - INFO, Module: "basehttp", Message: "GET /admin/auth/group/ HTTP/1.1" 200 14101
2024-01-11 20:59:47,922 - INFO, Module: "basehttp", Message: "GET /admin/auth/group/1/change/ HTTP/1.1" 200 20710
2024-01-11 20:59:47,950 - INFO, Module: "basehttp", Message: "GET /admin/jsi18n/ HTTP/1.1" 200 3343
2024-01-11 20:59:55,882 - INFO, Module: "basehttp", Message: "GET /admin/auth/group/ HTTP/1.1" 200 14101
2024-01-11 20:59:57,058 - INFO, Module: "basehttp", Message: "GET /admin/auth/group/2/change/ HTTP/1.1" 200 20750
2024-01-11 20:59:57,082 - INFO, Module: "basehttp", Message: "GET /admin/jsi18n/ HTTP/1.1" 200 3343
2024-01-11 21:00:38,113 - INFO, Module: "basehttp", Message: "POST /admin/auth/group/2/change/ HTTP/1.1" 302 0
2024-01-11 21:00:38,133 - INFO, Module: "basehttp", Message: "GET /admin/auth/group/ HTTP/1.1" 200 14298
2024-01-11 21:00:38,161 - INFO, Module: "basehttp", Message: "GET /admin/jsi18n/ HTTP/1.1" 200 3343
2024-01-11 21:00:38,199 - INFO, Module: "basehttp", Message: "GET /static/admin/img/icon-yes.svg HTTP/1.1" 200 436
2024-01-11 21:00:44,030 - INFO, Module: "basehttp", Message: "GET /admin/auth/group/2/change/ HTTP/1.1" 200 21434
2024-01-11 21:00:44,056 - INFO, Module: "basehttp", Message: "GET /admin/jsi18n/ HTTP/1.1" 200 3343
2024-01-11 21:00:46,004 - INFO, Module: "basehttp", Message: "GET /admin/auth/user/ HTTP/1.1" 200 20719
2024-01-11 21:00:46,031 - INFO, Module: "basehttp", Message: "GET /admin/jsi18n/ HTTP/1.1" 200 3343
2024-01-11 21:00:46,035 - INFO, Module: "basehttp", Message: "GET /static/admin/img/icon-no.svg HTTP/1.1" 200 560
2024-01-11 21:00:46,066 - INFO, Module: "basehttp", Message: "GET /static/admin/img/sorting-icons.svg HTTP/1.1" 200 1097
2024-01-11 21:00:50,102 - INFO, Module: "basehttp", Message: "GET /admin/auth/user/6/change/ HTTP/1.1" 200 29804
2024-01-11 21:00:50,127 - INFO, Module: "basehttp", Message: "GET /admin/jsi18n/ HTTP/1.1" 200 3343
2024-01-11 21:00:50,141 - INFO, Module: "basehttp", Message: "GET /static/admin/js/calendar.js HTTP/1.1" 200 8466
2024-01-11 21:00:50,141 - INFO, Module: "basehttp", Message: "GET /static/admin/js/admin/DateTimeShortcuts.js HTTP/1.1" 200 19319
2024-01-11 21:00:50,163 - INFO, Module: "basehttp", Message: "GET /static/admin/img/tooltag-arrowright.svg HTTP/1.1" 200 280
2024-01-11 21:00:50,201 - INFO, Module: "basehttp", Message: "GET /static/admin/img/icon-clock.svg HTTP/1.1" 200 677
2024-01-11 21:00:50,201 - INFO, Module: "basehttp", Message: "GET /static/admin/img/icon-calendar.svg HTTP/1.1" 200 1086
2024-01-11 21:01:02,111 - INFO, Module: "basehttp", Message: "POST /admin/auth/user/6/change/ HTTP/1.1" 302 0
2024-01-11 21:01:02,140 - INFO, Module: "basehttp", Message: "GET /admin/auth/user/ HTTP/1.1" 200 20913
2024-01-11 21:01:02,167 - INFO, Module: "basehttp", Message: "GET /admin/jsi18n/ HTTP/1.1" 200 3343
2024-01-11 21:01:04,424 - INFO, Module: "basehttp", Message: "GET /admin/auth/user/12/change/ HTTP/1.1" 200 29991
2024-01-11 21:01:04,449 - INFO, Module: "basehttp", Message: "GET /admin/jsi18n/ HTTP/1.1" 200 3343
2024-01-11 21:01:07,838 - INFO, Module: "basehttp", Message: "GET /admin/auth/user/ HTTP/1.1" 200 20719
2024-01-11 21:01:09,006 - INFO, Module: "basehttp", Message: "GET /admin/auth/user/11/change/ HTTP/1.1" 200 29985
2024-01-11 21:01:09,034 - INFO, Module: "basehttp", Message: "GET /admin/jsi18n/ HTTP/1.1" 200 3343
2024-01-11 21:01:10,709 - INFO, Module: "basehttp", Message: "GET /admin/auth/user/ HTTP/1.1" 200 20719
2024-01-11 21:01:13,313 - INFO, Module: "basehttp", Message: "GET /admin/auth/user/3/change/ HTTP/1.1" 200 29929
2024-01-11 21:01:13,334 - INFO, Module: "basehttp", Message: "GET /admin/jsi18n/ HTTP/1.1" 200 3343
2024-01-11 21:01:15,088 - INFO, Module: "basehttp", Message: "GET /admin/auth/user/ HTTP/1.1" 200 20719
2024-01-11 21:01:24,022 - INFO, Module: "basehttp", Message: "GET / HTTP/1.1" 200 4873
2024-01-11 21:01:24,052 - WARNING, Module: "basehttp", Message: "GET /static/css/styles.css HTTP/1.1" 404 1801
2024-01-11 21:01:24,081 - WARNING, Module: "basehttp", Message: "GET /js/scripts.js HTTP/1.1" 404 5119
2024-01-11 21:01:24,082 - WARNING, Module: "basehttp", Message: "GET /static/css/styles.css HTTP/1.1" 404 1801
2024-01-11 21:05:14,137 - INFO, Module: "basehttp", Message: "GET /news/create/ HTTP/1.1" 200 3951
2024-01-11 21:05:14,167 - WARNING, Module: "basehttp", Message: "GET /static/css/styles.css HTTP/1.1" 404 1801
2024-01-11 21:05:14,171 - WARNING, Module: "basehttp", Message: "GET /news/create/js/scripts.js HTTP/1.1" 404 7909
2024-01-11 21:05:25,410 - ERROR, Module: "basehttp", Message: "POST /news/create/ HTTP/1.1" 500 112266
2024-01-11 21:05:32,146 - INFO, Module: "basehttp", Message: "GET /news/ HTTP/1.1" 200 4873
2024-01-11 21:05:32,180 - WARNING, Module: "basehttp", Message: "GET /static/css/styles.css HTTP/1.1" 404 1801
2024-01-11 21:05:32,184 - WARNING, Module: "basehttp", Message: "GET /news/js/scripts.js HTTP/1.1" 404 7888
2024-01-11 21:05:32,196 - WARNING, Module: "basehttp", Message: "GET /static/css/styles.css HTTP/1.1" 404 1801
2024-01-11 21:05:35,600 - INFO, Module: "basehttp", Message: "GET /accounts/logout/ HTTP/1.1" 200 1201
2024-01-11 21:05:36,471 - INFO, Module: "basehttp", Message: "POST /accounts/logout/ HTTP/1.1" 302 0
2024-01-11 21:05:36,480 - INFO, Module: "basehttp", Message: "GET / HTTP/1.1" 200 4778
2024-01-11 21:05:36,512 - WARNING, Module: "basehttp", Message: "GET /static/css/styles.css HTTP/1.1" 404 1801
2024-01-11 21:05:36,515 - WARNING, Module: "basehttp", Message: "GET /js/scripts.js HTTP/1.1" 404 5119
2024-01-11 21:05:36,527 - WARNING, Module: "basehttp", Message: "GET /static/css/styles.css HTTP/1.1" 404 1801
2024-01-11 21:05:37,532 - INFO, Module: "basehttp", Message: "GET /accounts/login/ HTTP/1.1" 200 2401
2024-01-11 21:05:39,534 - INFO, Module: "basehttp", Message: "GET /accounts/google/login/?process=login HTTP/1.1" 200 1244
2024-01-11 21:05:40,633 - INFO, Module: "basehttp", Message: "POST /accounts/google/login/?process=login HTTP/1.1" 302 0
2024-01-11 21:05:41,095 - INFO, Module: "basehttp", Message: "GET /accounts/google/login/callback/?state=U0hiMaNPr7s8ouTk&code=4%2F0AfJohXkzCI6K_NoOkyBJxAdm0LfHtNovTjC2CLY7de6ChI6D9UcBmkbwQKSIeXfEZHthRg&scope=email+profile+https%3A%2F%2Fwww.googleapis.com%2Fauth%2Fuserinfo.profile+openid+https%3A%2F%2Fwww.googleapis.com%2Fauth%2Fuserinfo.email&authuser=0&prompt=none HTTP/1.1" 302 0
2024-01-11 21:05:41,114 - INFO, Module: "basehttp", Message: "GET /news HTTP/1.1" 301 0
2024-01-11 21:05:41,126 - INFO, Module: "basehttp", Message: "GET /news/ HTTP/1.1" 200 4874
2024-01-11 21:05:41,167 - WARNING, Module: "basehttp", Message: "GET /static/css/styles.css HTTP/1.1" 404 1801
2024-01-11 21:05:41,171 - WARNING, Module: "basehttp", Message: "GET /news/js/scripts.js HTTP/1.1" 404 7888
2024-01-11 21:05:41,183 - WARNING, Module: "basehttp", Message: "GET /static/css/styles.css HTTP/1.1" 404 1801
2024-01-11 21:05:42,591 - INFO, Module: "basehttp", Message: "GET /news/create/ HTTP/1.1" 200 3952
2024-01-11 21:05:42,621 - WARNING, Module: "basehttp", Message: "GET /static/css/styles.css HTTP/1.1" 404 1801
2024-01-11 21:05:42,626 - WARNING, Module: "basehttp", Message: "GET /news/create/js/scripts.js HTTP/1.1" 404 7909
2024-01-11 21:05:52,112 - ERROR, Module: "basehttp", Message: "POST /news/create/ HTTP/1.1" 500 150055
2024-01-11 21:25:59,826 - INFO, Module: "autoreload", Message: D:\CODE projects\news_portal\news_portal\news\signals.py changed, reloading.
2024-01-11 21:26:01,077 - INFO, Module: "autoreload", Message: Watching for file changes with StatReloader
2024-01-11 21:26:16,718 - INFO, Module: "autoreload", Message: Watching for file changes with StatReloader
2024-01-11 21:26:23,055 - INFO, Module: "basehttp", Message: "GET / HTTP/1.1" 200 4872
2024-01-11 21:26:23,084 - WARNING, Module: "basehttp", Message: "GET /static/css/styles.css HTTP/1.1" 404 1801
2024-01-11 21:26:23,124 - WARNING, Module: "basehttp", Message: "GET /js/scripts.js HTTP/1.1" 404 5119
2024-01-11 21:26:23,144 - WARNING, Module: "basehttp", Message: "GET /static/css/styles.css HTTP/1.1" 404 1801
2024-01-11 21:26:24,458 - INFO, Module: "basehttp", Message: "GET /news/ HTTP/1.1" 200 4872
2024-01-11 21:26:24,491 - WARNING, Module: "basehttp", Message: "GET /static/css/styles.css HTTP/1.1" 404 1801
2024-01-11 21:26:24,495 - WARNING, Module: "basehttp", Message: "GET /news/js/scripts.js HTTP/1.1" 404 7888
2024-01-11 21:26:24,506 - WARNING, Module: "basehttp", Message: "GET /static/css/styles.css HTTP/1.1" 404 1801
2024-01-11 21:26:36,913 - INFO, Module: "basehttp", Message: "GET /news/create/ HTTP/1.1" 200 3952
2024-01-11 21:26:36,942 - WARNING, Module: "basehttp", Message: "GET /static/css/styles.css HTTP/1.1" 404 1801
2024-01-11 21:26:36,946 - WARNING, Module: "basehttp", Message: "GET /news/create/js/scripts.js HTTP/1.1" 404 7909
2024-01-11 21:26:44,408 - ERROR, Module: "basehttp", Message: "POST /news/create/ HTTP/1.1" 500 165266
2024-01-11 21:29:31,963 - ERROR, Module: "basehttp", Message: "POST /news/create/ HTTP/1.1" 500 182803
2024-01-11 21:32:28,832 - INFO, Module: "basehttp", Message: "GET /news/ HTTP/1.1" 200 4854
2024-01-11 21:32:28,866 - WARNING, Module: "basehttp", Message: "GET /static/css/styles.css HTTP/1.1" 404 1801
2024-01-11 21:32:28,870 - WARNING, Module: "basehttp", Message: "GET /news/js/scripts.js HTTP/1.1" 404 7888
2024-01-11 21:32:28,885 - WARNING, Module: "basehttp", Message: "GET /static/css/styles.css HTTP/1.1" 404 1801
2024-01-11 21:32:30,195 - INFO, Module: "basehttp", Message: "GET /news/create/ HTTP/1.1" 200 3952
2024-01-11 21:32:30,229 - WARNING, Module: "basehttp", Message: "GET /static/css/styles.css HTTP/1.1" 404 1801
2024-01-11 21:32:30,233 - WARNING, Module: "basehttp", Message: "GET /news/create/js/scripts.js HTTP/1.1" 404 7909
2024-01-11 21:32:31,131 - INFO, Module: "basehttp", Message: "GET /news/search/ HTTP/1.1" 200 5505
2024-01-11 21:32:31,168 - WARNING, Module: "basehttp", Message: "GET /static/css/styles.css HTTP/1.1" 404 1801
2024-01-11 21:32:31,172 - WARNING, Module: "basehttp", Message: "GET /news/search/js/scripts.js HTTP/1.1" 404 7909
2024-01-11 21:32:39,872 - INFO, Module: "basehttp", Message: "GET /news/search/?post_title__icontains=&post_author__author_user__username__icontains=&date= HTTP/1.1" 200 5690
2024-01-11 21:32:39,902 - WARNING, Module: "basehttp", Message: "GET /static/css/styles.css HTTP/1.1" 404 1801
2024-01-11 21:32:39,906 - WARNING, Module: "basehttp", Message: "GET /news/search/js/scripts.js HTTP/1.1" 404 7909
2024-01-11 21:32:42,388 - INFO, Module: "basehttp", Message: "GET /news/search/?post_title__icontains=lo&post_author__author_user__username__icontains=&date= HTTP/1.1" 200 4968
2024-01-11 21:32:42,422 - WARNING, Module: "basehttp", Message: "GET /static/css/styles.css HTTP/1.1" 404 1801
2024-01-11 21:32:42,426 - WARNING, Module: "basehttp", Message: "GET /news/search/js/scripts.js HTTP/1.1" 404 7909
2024-01-11 21:33:18,180 - INFO, Module: "basehttp", Message: "GET /news/ HTTP/1.1" 200 4854
2024-01-11 21:33:18,212 - WARNING, Module: "basehttp", Message: "GET /static/css/styles.css HTTP/1.1" 404 1801
2024-01-11 21:33:18,216 - WARNING, Module: "basehttp", Message: "GET /news/js/scripts.js HTTP/1.1" 404 7888
2024-01-11 21:33:18,235 - WARNING, Module: "basehttp", Message: "GET /static/css/styles.css HTTP/1.1" 404 1801
2024-01-11 21:33:21,317 - INFO, Module: "basehttp", Message: "GET /news/search/ HTTP/1.1" 200 5505
2024-01-11 21:33:21,352 - WARNING, Module: "basehttp", Message: "GET /static/css/styles.css HTTP/1.1" 404 1801
2024-01-11 21:33:21,355 - WARNING, Module: "basehttp", Message: "GET /news/search/js/scripts.js HTTP/1.1" 404 7909
2024-01-11 21:33:21,944 - INFO, Module: "basehttp", Message: "GET /news/create/ HTTP/1.1" 200 3952
2024-01-11 21:33:21,974 - WARNING, Module: "basehttp", Message: "GET /static/css/styles.css HTTP/1.1" 404 1801
2024-01-11 21:33:21,980 - WARNING, Module: "basehttp", Message: "GET /news/create/js/scripts.js HTTP/1.1" 404 7909
2024-01-11 21:33:22,553 - INFO, Module: "basehttp", Message: "GET /news/article/create/ HTTP/1.1" 200 3952
2024-01-11 21:33:22,588 - WARNING, Module: "basehttp", Message: "GET /static/css/styles.css HTTP/1.1" 404 1801
2024-01-11 21:33:22,591 - WARNING, Module: "basehttp", Message: "GET /news/article/create/js/scripts.js HTTP/1.1" 404 7933
2024-01-11 21:33:23,540 - INFO, Module: "basehttp", Message: "GET /news/categories HTTP/1.1" 301 0
2024-01-11 21:33:23,588 - INFO, Module: "basehttp", Message: "GET /news/categories/ HTTP/1.1" 200 3934
2024-01-11 21:33:23,618 - WARNING, Module: "basehttp", Message: "GET /static/css/styles.css HTTP/1.1" 404 1801
2024-01-11 21:33:23,622 - WARNING, Module: "basehttp", Message: "GET /news/categories/js/scripts.js HTTP/1.1" 404 7921
2024-01-11 21:33:25,522 - INFO, Module: "basehttp", Message: "GET /news/categories/1/subscribe/ HTTP/1.1" 302 0
2024-01-11 21:33:25,534 - INFO, Module: "basehttp", Message: "GET /news/categories/ HTTP/1.1" 200 3938
2024-01-11 21:33:25,567 - WARNING, Module: "basehttp", Message: "GET /static/css/styles.css HTTP/1.1" 404 1801
2024-01-11 21:33:25,570 - WARNING, Module: "basehttp", Message: "GET /news/categories/js/scripts.js HTTP/1.1" 404 7921
2024-01-11 21:33:28,710 - INFO, Module: "basehttp", Message: "GET /news/categories/1/unsubscribe/ HTTP/1.1" 302 0
2024-01-11 21:33:28,725 - INFO, Module: "basehttp", Message: "GET /news/categories/ HTTP/1.1" 200 3934
2024-01-11 21:33:28,754 - WARNING, Module: "basehttp", Message: "GET /static/css/styles.css HTTP/1.1" 404 1801
2024-01-11 21:33:28,758 - WARNING, Module: "basehttp", Message: "GET /news/categories/js/scripts.js HTTP/1.1" 404 7921
2024-01-11 21:33:31,783 - INFO, Module: "basehttp", Message: "GET /news/ HTTP/1.1" 200 4854
2024-01-11 21:33:31,819 - WARNING, Module: "basehttp", Message: "GET /static/css/styles.css HTTP/1.1" 404 1801
2024-01-11 21:33:31,822 - WARNING, Module: "basehttp", Message: "GET /news/js/scripts.js HTTP/1.1" 404 7888
2024-01-11 21:33:31,833 - WARNING, Module: "basehttp", Message: "GET /static/css/styles.css HTTP/1.1" 404 1801
